Build started 2012-01-30 14:55:16.
     1>Project "C:\Users\Marcin\Desktop\Reversi\client\client.vcxproj" on node 3 (build target(s)).
     1>InitializeBuildStatus:
         Creating "Debug\client.unsuccessfulbuild" because "AlwaysCreate" was specified.
       ClCompile:
         c:\Program Files (x86)\Microsoft Visual Studio 10.0\VC\bin\CL.exe /c /ZI /nologo /W3 /WX- /Od /Oy- /D WIN32 /D _DEBUG /D _CONSOLE /D _UNICODE /D UNICODE /Gm /EHsc /RTC1 /MDd /GS /fp:precise /Zc:wchar_t /Zc:forScope /Fo"Debug\\" /Fd"Debug\vc100.pdb" /Gd /TP /analyze- /errorReport:prompt client.cpp
         client.cpp
     1>c:\users\marcin\desktop\reversi\client\client.cpp(241): warning C4101: 'indeks' : unreferenced local variable
     1>c:\users\marcin\desktop\reversi\client\client.cpp(78): warning C4101: 'sendbuf' : unreferenced local variable
     1>c:\users\marcin\desktop\reversi\client\client.cpp(76): warning C4101: 'recvValue' : unreferenced local variable
     1>c:\users\marcin\desktop\reversi\client\client.cpp(79): warning C4101: 'name' : unreferenced local variable
       ManifestResourceCompile:
         All outputs are up-to-date.
       Link:
         c:\Program Files (x86)\Microsoft Visual Studio 10.0\VC\bin\link.exe /ERRORREPORT:PROMPT /OUT:"C:\Users\Marcin\Desktop\Reversi\Debug\client.exe" /INCREMENTAL /NOLOGO "allegro-5.0.5-monolith-md-debug.lib" kernel32.lib user32.lib gdi32.lib winspool.lib comdlg32.lib advapi32.lib shell32.lib ole32.lib oleaut32.lib uuid.lib odbc32.lib odbccp32.lib /MANIFEST /ManifestFile:"Debug\client.exe.intermediate.manifest" /MANIFESTUAC:"level='asInvoker' uiAccess='false'" /DEBUG /PDB:"C:\Users\Marcin\Desktop\Reversi\Debug\client.pdb" /SUBSYSTEM:CONSOLE /TLBID:1 /DYNAMICBASE /NXCOMPAT /IMPLIB:"C:\Users\Marcin\Desktop\Reversi\Debug\client.lib" /MACHINE:X86 Debug\client.exe.embed.manifest.res
         Debug\board.obj
         Debug\client.obj
       Manifest:
         c:\Program Files (x86)\Microsoft SDKs\Windows\v7.0A\bin\mt.exe /nologo /verbose /out:"Debug\client.exe.embed.manifest" /manifest Debug\client.exe.intermediate.manifest
         All outputs are up-to-date.
       LinkEmbedManifest:
         All outputs are up-to-date.
         client.vcxproj -> C:\Users\Marcin\Desktop\Reversi\Debug\client.exe
       FinalizeBuildStatus:
         Deleting file "Debug\client.unsuccessfulbuild".
         Touching "Debug\client.lastbuildstate".
     1>Done Building Project "C:\Users\Marcin\Desktop\Reversi\client\client.vcxproj" (build target(s)).

Build succeeded.

Time Elapsed 00:00:02.16
